app/build/intermediates/manifest_merge_blame_file/release/manifest-merger-blame-release-report.txt
1<?xml version="1.0" encoding="utf-8"?>
2<manifest xmlns:android="http://schemas.android.com/apk/res/android"
3    package="com.solution.safalrecharges"
4    android:versionCode="27"
5    android:versionName="3.7" >
6
7    <uses-sdk
7-->src\main\AndroidManifest.xml:71:5-59
8        android:minSdkVersion="23"
8-->src\main\AndroidManifest.xml:71:5-59
9        android:targetSdkVersion="34" />
9-->src\main\AndroidManifest.xml:71:5-59
10
11    <queries>
11-->src\main\AndroidManifest.xml:5:5-70:15
12
13        <!-- Explicit apps you know in advance about: -->
14
15        <package android:name="org.egram.microatm" />
15-->src\main\AndroidManifest.xml:8:9-54
15-->src\main\AndroidManifest.xml:8:18-51
16        <package android:name="com.mantra.rdservice" />
16-->src\main\AndroidManifest.xml:9:9-56
16-->src\main\AndroidManifest.xml:9:18-53
17        <package android:name="com.scl.rdservice" />
17-->src\main\AndroidManifest.xml:10:9-53
17-->src\main\AndroidManifest.xml:10:18-50
18        <package android:name="com.tatvik.bio.tmf20" />
18-->src\main\AndroidManifest.xml:11:9-56
18-->src\main\AndroidManifest.xml:11:18-53
19        <package android:name="com.acpl.registersdk" />
19-->src\main\AndroidManifest.xml:12:9-56
19-->src\main\AndroidManifest.xml:12:18-53
20        <package android:name="com.precision.pb510.rdservice" />
20-->src\main\AndroidManifest.xml:13:9-65
20-->src\main\AndroidManifest.xml:13:18-62
21        <package android:name="com.secugen.rdservice" />
21-->src\main\AndroidManifest.xml:14:9-57
21-->src\main\AndroidManifest.xml:14:18-54
22        <package android:name="com.nextbiometrics.onetouchrdservice" />
22-->src\main\AndroidManifest.xml:15:9-72
22-->src\main\AndroidManifest.xml:15:18-69
23        <package android:name="com.google.android.apps.nbu.paisa.user" />
23-->src\main\AndroidManifest.xml:17:9-74
23-->src\main\AndroidManifest.xml:17:18-71
24        <package android:name="com.phonepe.app" />
24-->src\main\AndroidManifest.xml:18:9-51
24-->src\main\AndroidManifest.xml:18:18-48
25        <package android:name="in.org.npci.upiapp" />
25-->src\main\AndroidManifest.xml:19:9-54
25-->src\main\AndroidManifest.xml:19:18-51
26        <package android:name="net.one97.paytm" />
26-->src\main\AndroidManifest.xml:20:9-51
26-->src\main\AndroidManifest.xml:20:18-48
27        <package android:name="com.whatsapp.w4b" />
27-->src\main\AndroidManifest.xml:21:9-52
27-->src\main\AndroidManifest.xml:21:18-49
28        <package android:name="com.csam.icici.bank.imobile" />
28-->src\main\AndroidManifest.xml:22:9-63
28-->src\main\AndroidManifest.xml:22:18-60
29        <package android:name="com.sbi.upi" />
29-->src\main\AndroidManifest.xml:23:9-47
29-->src\main\AndroidManifest.xml:23:18-44
30        <package android:name="com.upi.axispay" />
30-->src\main\AndroidManifest.xml:24:9-51
30-->src\main\AndroidManifest.xml:24:18-48
31        <package android:name="com.samsung.android.spaymini" />
31-->src\main\AndroidManifest.xml:25:9-64
31-->src\main\AndroidManifest.xml:25:18-61
32        <package android:name="com.samsung.android.spay" />
32-->src\main\AndroidManifest.xml:26:9-60
32-->src\main\AndroidManifest.xml:26:18-57
33        <package android:name="com.snapwork.hdfc" />
33-->src\main\AndroidManifest.xml:27:9-53
33-->src\main\AndroidManifest.xml:27:18-50
34        <package android:name="com.fss.pnbpsp" />
34-->src\main\AndroidManifest.xml:28:9-50
34-->src\main\AndroidManifest.xml:28:18-47
35        <package android:name="com.icicibank.pockets" />
35-->src\main\AndroidManifest.xml:29:9-57
35-->src\main\AndroidManifest.xml:29:18-54
36        <package android:name="com.bankofbaroda.upi" />
36-->src\main\AndroidManifest.xml:30:9-56
36-->src\main\AndroidManifest.xml:30:18-53
37        <package android:name="com.freecharge.android" />
37-->src\main\AndroidManifest.xml:31:9-58
37-->src\main\AndroidManifest.xml:31:18-55
38        <package android:name="com.fss.unbipsp" />
38-->src\main\AndroidManifest.xml:32:9-51
38-->src\main\AndroidManifest.xml:32:18-48
39        <package android:name="com.whatsapp" />
39-->src\main\AndroidManifest.xml:33:9-48
39-->src\main\AndroidManifest.xml:33:18-45
40        <package android:name="com.mipay.wallet.in" />
40-->src\main\AndroidManifest.xml:34:9-55
40-->src\main\AndroidManifest.xml:34:18-52
41        <package android:name="in.amazon.mShop.android.shopping" />
41-->src\main\AndroidManifest.xml:35:9-68
41-->src\main\AndroidManifest.xml:35:18-65
42        <package android:name="com.axis.mobile" />
42-->src\main\AndroidManifest.xml:36:9-51
42-->src\main\AndroidManifest.xml:36:18-48
43        <package android:name="com.mycompany.kvb" />
43-->src\main\AndroidManifest.xml:37:9-53
43-->src\main\AndroidManifest.xml:37:18-50
44        <package android:name="com.fss.vijayapsp" />
44-->src\main\AndroidManifest.xml:38:9-53
44-->src\main\AndroidManifest.xml:38:18-50
45        <package android:name="com.dena.upi.gui" />
45-->src\main\AndroidManifest.xml:39:9-52
45-->src\main\AndroidManifest.xml:39:18-49
46        <package android:name="com.fss.jnkpsp" />
46-->src\main\AndroidManifest.xml:40:9-50
46-->src\main\AndroidManifest.xml:40:18-47
47        <package android:name="com.olive.kotak.upi" />
47-->src\main\AndroidManifest.xml:41:9-55
47-->src\main\AndroidManifest.xml:41:18-52
48        <package android:name="com.enstage.wibmo.hdfc" />
48-->src\main\AndroidManifest.xml:42:9-58
48-->src\main\AndroidManifest.xml:42:18-55
49        <package android:name="com.bsb.hike" />
49-->src\main\AndroidManifest.xml:43:9-48
49-->src\main\AndroidManifest.xml:43:18-45
50        <package android:name="com.fss.idfcpsp" />
50-->src\main\AndroidManifest.xml:44:9-51
50-->src\main\AndroidManifest.xml:44:18-48
51        <package android:name="com.YesBank" />
51-->src\main\AndroidManifest.xml:45:9-47
51-->src\main\AndroidManifest.xml:45:18-44
52        <package android:name="com.abipbl.upi" />
52-->src\main\AndroidManifest.xml:46:9-50
52-->src\main\AndroidManifest.xml:46:18-47
53        <package android:name="com.microsoft.mobile.polymer" />
53-->src\main\AndroidManifest.xml:47:9-64
53-->src\main\AndroidManifest.xml:47:18-61
54        <package android:name="com.finopaytech.bpayfino" />
54-->src\main\AndroidManifest.xml:48:9-60
54-->src\main\AndroidManifest.xml:48:18-57
55        <package android:name="com.mgs.obcbank" />
55-->src\main\AndroidManifest.xml:49:9-51
55-->src\main\AndroidManifest.xml:49:18-48
56        <package android:name="com.upi.federalbank.org.lotza" />
56-->src\main\AndroidManifest.xml:50:9-65
56-->src\main\AndroidManifest.xml:50:18-62
57        <package android:name="com.mgs.induspsp" />
57-->src\main\AndroidManifest.xml:51:9-52
57-->src\main\AndroidManifest.xml:51:18-49
58        <package android:name="ai.wizely.android" />
58-->src\main\AndroidManifest.xml:52:9-53
58-->src\main\AndroidManifest.xml:52:18-50
59        <package android:name="com.olive.dcb.upi" />
59-->src\main\AndroidManifest.xml:53:9-53
59-->src\main\AndroidManifest.xml:53:18-50
60        <package android:name="com.mgs.yesmerchantnative.prod" />
60-->src\main\AndroidManifest.xml:54:9-66
60-->src\main\AndroidManifest.xml:54:18-63
61        <package android:name="com.dbs.in.digitalbank" />
61-->src\main\AndroidManifest.xml:55:9-58
61-->src\main\AndroidManifest.xml:55:18-55
62        <package android:name="com.mobikwik_new" />
62-->src\main\AndroidManifest.xml:56:9-52
62-->src\main\AndroidManifest.xml:56:18-49
63        <package android:name="com.rblbank.mobank" />
63-->src\main\AndroidManifest.xml:57:9-54
63-->src\main\AndroidManifest.xml:57:18-51
64        <package android:name="in.chillr" />
64-->src\main\AndroidManifest.xml:58:9-45
64-->src\main\AndroidManifest.xml:58:18-42
65        <package android:name="com.citrus.citruspay" />
65-->src\main\AndroidManifest.xml:59:9-56
65-->src\main\AndroidManifest.xml:59:18-53
66        <package android:name="com.SIBMobile" />
66-->src\main\AndroidManifest.xml:60:9-49
66-->src\main\AndroidManifest.xml:60:18-46
67        <package android:name="com.truecaller" />
67-->src\main\AndroidManifest.xml:61:9-50
67-->src\main\AndroidManifest.xml:61:18-47
68        <package android:name="com.olacabs.customer" />
68-->src\main\AndroidManifest.xml:62:9-56
68-->src\main\AndroidManifest.xml:62:18-53
69        <package android:name="com.myairtelapp" />
69-->src\main\AndroidManifest.xml:63:9-51
69-->src\main\AndroidManifest.xml:63:18-48
70        <package android:name="com.paytmmall" />
70-->src\main\AndroidManifest.xml:64:9-49
70-->src\main\AndroidManifest.xml:64:18-46
71        <package android:name="com.gbwhatsapp" />
71-->src\main\AndroidManifest.xml:65:9-50
71-->src\main\AndroidManifest.xml:65:18-47
72        <package android:name="com.msf.angelmobile" />
72-->src\main\AndroidManifest.xml:66:9-55
72-->src\main\AndroidManifest.xml:66:18-52
73        <package android:name="com.fundsindia" />
73-->src\main\AndroidManifest.xml:67:9-50
73-->src\main\AndroidManifest.xml:67:18-47
74        <package android:name="com.muthootfinance.imuthoot" />
74-->src\main\AndroidManifest.xml:68:9-63
74-->src\main\AndroidManifest.xml:68:18-60
75        <package android:name="com.angelbroking.angelwealth" />
75-->src\main\AndroidManifest.xml:69:9-64
75-->src\main\AndroidManifest.xml:69:18-61
76        <package android:name="co.aratek.asix_gms.rdservice" />
76-->[onboardinglib_V.1.1.12.aar] AndroidManifest.xml:23:9-64
76-->[onboardinglib_V.1.1.12.aar] AndroidManifest.xml:23:18-61
77        <package android:name="com.evolute.rdservice" />
77-->[onboardinglib_V.1.1.12.aar] AndroidManifest.xml:24:9-57
77-->[onboardinglib_V.1.1.12.aar] AndroidManifest.xml:24:18-54
78        <package android:name="com.mantra.mis100v2.rdservice" /> <!-- Specific apps you interact with, eg: -->
78-->[onboardinglib_V.1.1.12.aar] AndroidManifest.xml:25:9-65
78-->[onboardinglib_V.1.1.12.aar] AndroidManifest.xml:25:18-62
79        <package android:name="com.paytm.pgsdk.TransactionManager.PAYTM_APP_PACKAGE" />
79-->[com.paytm.appinvokesdk:appinvokesdk:1.6.7] AndroidManifest.xml:12:9-88
79-->[com.paytm.appinvokesdk:appinvokesdk:1.6.7] AndroidManifest.xml:12:18-85
80        <!--
81             Specific intents you query for,
82             eg: for a custom share UI
83        -->
84        <intent>
84-->[com.paytm.appinvokesdk:appinvokesdk:1.6.7] AndroidManifest.xml:17:9-19:18
85            <action android:name="android.intent.action.MAIN" />
85-->src\main\AndroidManifest.xml:551:17-69
85-->src\main\AndroidManifest.xml:551:25-66
86        </intent>
87        <intent>
87-->[com.razorpay:checkout:1.6.18] AndroidManifest.xml:12:9-18:18
88            <action android:name="android.intent.action.VIEW" />
88-->[com.razorpay:checkout:1.6.18] AndroidManifest.xml:13:13-65
88-->[com.razorpay:checkout:1.6.18] AndroidManifest.xml:13:21-62
89
90            <data
90-->[com.razorpay:checkout:1.6.18] AndroidManifest.xml:15:13-17:38
91                android:mimeType="*/*"
91-->[com.razorpay:checkout:1.6.18] AndroidManifest.xml:16:17-39
92                android:scheme="*" />
92-->[com.razorpay:checkout:1.6.18] AndroidManifest.xml:17:17-35
93        </intent>
94        <intent>
94-->[com.razorpay:checkout:1.6.18] AndroidManifest.xml:19:9-28:18
95            <action android:name="android.intent.action.VIEW" />
95-->[com.razorpay:checkout:1.6.18] AndroidManifest.xml:13:13-65
95-->[com.razorpay:checkout:1.6.18] AndroidManifest.xml:13:21-62
96
97            <category android:name="android.intent.category.BROWSABLE" />
97-->[com.razorpay:checkout:1.6.18] AndroidManifest.xml:22:13-74
97-->[com.razorpay:checkout:1.6.18] AndroidManifest.xml:22:23-71
98
99            <data
99-->[com.razorpay:checkout:1.6.18] AndroidManifest.xml:15:13-17:38
100                android:host="pay"
101                android:mimeType="*/*"
101-->[com.razorpay:checkout:1.6.18] AndroidManifest.xml:16:17-39
102                android:scheme="upi" />
102-->[com.razorpay:checkout:1.6.18] AndroidManifest.xml:17:17-35
103        </intent>
104        <intent>
104-->[com.razorpay:checkout:1.6.18] AndroidManifest.xml:32:9-36:18
105            <action android:name="android.intent.action.SEND" />
105-->[com.razorpay:checkout:1.6.18] AndroidManifest.xml:33:13-65
105-->[com.razorpay:checkout:1.6.18] AndroidManifest.xml:33:21-62
106
107            <data android:mimeType="*/*" />
107-->[com.razorpay:checkout:1.6.18] AndroidManifest.xml:15:13-17:38
107-->[com.razorpay:checkout:1.6.18] AndroidManifest.xml:16:17-39
108        </intent>
109    </queries>
110
111    <uses-permission android:name="android.permission.INTERNET" />
111-->src\main\AndroidManifest.xml:73:5-67
111-->src\main\AndroidManifest.xml:73:22-64
112    <uses-permission android:name="android.permission.ACCESS_NETWORK_STATE" />
112-->src\main\AndroidManifest.xml:74:5-79
112-->src\main\AndroidManifest.xml:74:22-76
113    <uses-permission android:name="android.permission.WRITE_EXTERNAL_STORAGE" />
113-->src\main\AndroidManifest.xml:75:5-77:48
113-->src\main\AndroidManifest.xml:76:9-65
114    <uses-permission android:name="android.permission.READ_EXTERNAL_STORAGE" />
114-->src\main\AndroidManifest.xml:78:5-80
114-->src\main\AndroidManifest.xml:78:22-77
115    <uses-permission android:name="android.permission.CAMERA" />
115-->src\main\AndroidManifest.xml:79:5-65
115-->src\main\AndroidManifest.xml:79:22-62
116
117    <uses-feature
117-->src\main\AndroidManifest.xml:81:5-60
118        android:name="android.hardware.camera"
118-->src\main\AndroidManifest.xml:81:19-57
119        android:required="true" />
119-->[onboardinglib_V.1.1.12.aar] AndroidManifest.xml:30:9-32
120    <uses-feature android:name="android.hardware.camera.autofocus" />
120-->src\main\AndroidManifest.xml:82:5-70
120-->src\main\AndroidManifest.xml:82:19-67
121
122    <uses-permission android:name="android.permission.READ_PHONE_STATE" />
122-->src\main\AndroidManifest.xml:85:5-75
122-->src\main\AndroidManifest.xml:85:22-72
123    <uses-permission android:name="android.permission.ACCESS_FINE_LOCATION" />
123-->src\main\AndroidManifest.xml:86:5-79
123-->src\main\AndroidManifest.xml:86:22-76
124    <uses-permission android:name="android.permission.ACCESS_COARSE_LOCATION" />
124-->src\main\AndroidManifest.xml:87:5-81
124-->src\main\AndroidManifest.xml:87:22-78
125    <uses-permission android:name="android.permission.ACCESS_WIFI_STATE" />
125-->src\main\AndroidManifest.xml:90:5-76
125-->src\main\AndroidManifest.xml:90:22-73
126    <uses-permission android:name="android.permission.READ_MEDIA_IMAGES" />
126-->src\main\AndroidManifest.xml:92:5-76
126-->src\main\AndroidManifest.xml:92:22-73
127    <uses-permission android:name="android.permission.POST_NOTIFICATIONS" />
127-->src\main\AndroidManifest.xml:93:5-76
127-->src\main\AndroidManifest.xml:93:22-74
128
129    <uses-feature android:name="android.hardware.location.gps" />
129-->src\main\AndroidManifest.xml:94:5-66
129-->src\main\AndroidManifest.xml:94:19-63
130
131    <uses-permission android:name="android.permission.READ_PRECISE_PHONE_STATE" />
131-->[onboardinglib_V.1.1.12.aar] AndroidManifest.xml:32:5-34:47
131-->[onboardinglib_V.1.1.12.aar] AndroidManifest.xml:33:9-67
132    <uses-permission android:name="android.permission.READ_PRIVILEGED_PHONE_STATE" />
132-->[onboardinglib_V.1.1.12.aar] AndroidManifest.xml:35:5-37:47
132-->[onboardinglib_V.1.1.12.aar] AndroidManifest.xml:36:9-70
133    <uses-permission android:name="android.permission.WAKE_LOCK" />
133-->[com.paytm.easypay:easypay-appinvoke:1.7.4] AndroidManifest.xml:11:5-68
133-->[com.paytm.easypay:easypay-appinvoke:1.7.4] AndroidManifest.xml:11:22-65
134    <uses-permission android:name="com.google.android.finsky.permission.BIND_GET_INSTALL_REFERRER_SERVICE" />
134-->[com.android.installreferrer:installreferrer:2.2] AndroidManifest.xml:9:5-110
134-->[com.android.installreferrer:installreferrer:2.2] AndroidManifest.xml:9:22-107
135    <uses-permission android:name="android.permission.BLUETOOTH_ADVERTISE" />
135-->[:roundpay_emoney_lib_1:] AndroidManifest.xml:30:5-78
135-->[:roundpay_emoney_lib_1:] AndroidManifest.xml:30:22-75
136    <uses-permission android:name="android.permission.BLUETOOTH_CONNECT" />
136-->[:roundpay_emoney_lib_1:] AndroidManifest.xml:31:5-76
136-->[:roundpay_emoney_lib_1:] AndroidManifest.xml:31:22-73
137    <uses-permission android:name="android.permission.BLUETOOTH_SCAN" />
137-->[:roundpay_emoney_lib_1:] AndroidManifest.xml:32:5-73
137-->[:roundpay_emoney_lib_1:] AndroidManifest.xml:32:22-70
138    <uses-permission android:name="android.permission.BLUETOOTH" />
138-->[:roundpay_emoney_lib_1:] AndroidManifest.xml:33:5-68
138-->[:roundpay_emoney_lib_1:] AndroidManifest.xml:33:22-65
139    <uses-permission android:name="android.permission.BLUETOOTH_ADMIN" />
139-->[:roundpay_emoney_lib_1:] AndroidManifest.xml:34:5-74
139-->[:roundpay_emoney_lib_1:] AndroidManifest.xml:34:22-71
140    <uses-permission android:name="android.permission.BATTERY_STATS" />
140-->[:roundpay_emoney_lib_1:] AndroidManifest.xml:35:5-72
140-->[:roundpay_emoney_lib_1:] AndroidManifest.xml:35:22-69
141    <uses-permission android:name="android.permission.GET_TASKS" />
141-->[:mPaySdk_release_2.0.8_23102019:] AndroidManifest.xml:11:5-68
141-->[:mPaySdk_release_2.0.8_23102019:] AndroidManifest.xml:11:22-65
142    <uses-permission android:name="android.permission.MANAGE_NEWLAND" />
142-->[:mPaySdk_release_2.0.8_23102019:] AndroidManifest.xml:12:5-73
142-->[:mPaySdk_release_2.0.8_23102019:] AndroidManifest.xml:12:22-70
143    <uses-permission android:name="android.permission.MANAGE_NEWLANDUART3" />
143-->[:mPaySdk_release_2.0.8_23102019:] AndroidManifest.xml:13:5-78
143-->[:mPaySdk_release_2.0.8_23102019:] AndroidManifest.xml:13:22-75
144    <uses-permission android:name="android.permission.VIBRATE" />
144-->[:mPaySdk_release_2.0.8_23102019:] AndroidManifest.xml:14:5-66
144-->[:mPaySdk_release_2.0.8_23102019:] AndroidManifest.xml:14:22-63
145    <uses-permission android:name="android.permission.WRITE_SETTINGS" />
145-->[:mPaySdk_release_2.0.8_23102019:] AndroidManifest.xml:17:5-73
145-->[:mPaySdk_release_2.0.8_23102019:] AndroidManifest.xml:17:22-70
146    <uses-permission android:name="android.permission.SYSTEM_ALERT_WINDOW" />
146-->[:mPaySdk_release_2.0.8_23102019:] AndroidManifest.xml:18:5-78
146-->[:mPaySdk_release_2.0.8_23102019:] AndroidManifest.xml:18:22-75
147    <uses-permission android:name="android.permission.SYSTEM_OVERLAY_WINDOW" />
147-->[:mPaySdk_release_2.0.8_23102019:] AndroidManifest.xml:19:5-80
147-->[:mPaySdk_release_2.0.8_23102019:] AndroidManifest.xml:19:22-77
148    <uses-permission android:name="android.permission.MOUNT_UNMOUNT_FILESYSTEMS" >
148-->[:mPaySdk_release_2.0.8_23102019:] AndroidManifest.xml:26:5-27:23
148-->[:mPaySdk_release_2.0.8_23102019:] AndroidManifest.xml:26:22-81
149    </uses-permission>
150    <uses-permission android:name="android.permission.MODIFY_AUDIO_SETTINGS" />
150-->[:fingpay_ubercms:] AndroidManifest.xml:13:5-80
150-->[:fingpay_ubercms:] AndroidManifest.xml:13:22-77
151    <uses-permission android:name="android.permission.CALL_PHONE" />
151-->[:fingpay_ubercms:] AndroidManifest.xml:20:5-69
151-->[:fingpay_ubercms:] AndroidManifest.xml:20:22-66
152    <uses-permission android:name="android.permission.ACCESS_NOTIFICATION_POLICY" />
152-->[:fingpay_ubercms:] AndroidManifest.xml:21:5-85
152-->[:fingpay_ubercms:] AndroidManifest.xml:21:22-82
153
154    <uses-feature
154-->[:fingpay_ubercms:] AndroidManifest.xml:23:5-25:36
155        android:name="android.permission.BLUETOOTH"
155-->[:fingpay_ubercms:] AndroidManifest.xml:24:9-52
156        android:required="false" />
156-->[:fingpay_ubercms:] AndroidManifest.xml:25:9-33
157    <uses-feature
157-->[:fingpay_ubercms:] AndroidManifest.xml:26:5-28:36
158        android:name="android.permission.BLUETOOTH_PRIVILEGED"
158-->[:fingpay_ubercms:] AndroidManifest.xml:27:9-63
159        android:required="false" />
159-->[:fingpay_ubercms:] AndroidManifest.xml:28:9-33
160    <uses-feature
160-->[:fingpay_ubercms:] AndroidManifest.xml:29:5-31:36
161        android:name="android.permission.BLUETOOTH_ADMIN"
161-->[:fingpay_ubercms:] AndroidManifest.xml:30:9-58
162        android:required="false" /> <!-- Required by older versions of Google Play services to create IID tokens -->
162-->[:fingpay_ubercms:] AndroidManifest.xml:31:9-33
163    <uses-permission android:name="com.google.android.c2dm.permission.RECEIVE" />
163-->[com.google.firebase:firebase-iid:17.0.4] AndroidManifest.xml:26:5-82
163-->[com.google.firebase:firebase-iid:17.0.4] AndroidManifest.xml:26:22-79
164
165    <uses-feature
165-->[com.google.android.gms:play-services-maps:17.0.0] AndroidManifest.xml:26:5-28:35
166        android:glEsVersion="0x00020000"
166-->[com.google.android.gms:play-services-maps:17.0.0] AndroidManifest.xml:27:9-41
167        android:required="true" />
167-->[com.google.android.gms:play-services-maps:17.0.0] AndroidManifest.xml:28:9-32
168
169    <permission
169-->[androidx.core:core:1.9.0] AndroidManifest.xml:22:5-24:47
170        android:name="com.solution.safalrecharges.DYNAMIC_RECEIVER_NOT_EXPORTED_PERMISSION"
170-->[androidx.core:core:1.9.0] AndroidManifest.xml:23:9-81
171        android:protectionLevel="signature" />
171-->[androidx.core:core:1.9.0] AndroidManifest.xml:24:9-44
172
173    <uses-permission android:name="com.solution.safalrecharges.DYNAMIC_RECEIVER_NOT_EXPORTED_PERMISSION" />
173-->[androidx.core:core:1.9.0] AndroidManifest.xml:26:5-97
173-->[androidx.core:core:1.9.0] AndroidManifest.xml:26:22-94
174
175    <application
175-->src\main\AndroidManifest.xml:97:5-803:19
176        android:name="androidx.multidex.MultiDexApplication"
176-->src\main\AndroidManifest.xml:98:9-61
177        android:allowBackup="false"
177-->src\main\AndroidManifest.xml:99:9-36
178        android:allowClearUserData="true"
178-->src\main\AndroidManifest.xml:100:9-42
179        android:appComponentFactory="androidx.core.app.CoreComponentFactory"
179-->[androidx.core:core:1.9.0] AndroidManifest.xml:28:18-86
180        android:extractNativeLibs="false"
181        android:icon="@mipmap/ic_launcher"
181-->src\main\AndroidManifest.xml:101:9-43
182        android:label="@string/app_name"
182-->[roundpay_shopping.aar] AndroidManifest.xml:17:9-41
183        android:requestLegacyExternalStorage="true"
183-->src\main\AndroidManifest.xml:102:9-52
184        android:roundIcon="@mipmap/ic_launcher_round"
184-->[roundpay_shopping.aar] AndroidManifest.xml:18:9-54
185        android:supportsRtl="true"
185-->src\main\AndroidManifest.xml:103:9-35
186        android:theme="@style/AppTheme"
186-->src\main\AndroidManifest.xml:104:9-40
187        android:usesCleartextTraffic="true" >
187-->src\main\AndroidManifest.xml:105:9-44
188        <activity
188-->src\main\AndroidManifest.xml:109:9-113:55
189            android:name="com.solution.safalrecharges.Fragments.TermAndCondition"
189-->src\main\AndroidManifest.xml:110:13-82
190            android:screenOrientation="portrait"
190-->src\main\AndroidManifest.xml:111:13-49
191            android:theme="@style/Appnew"
191-->src\main\AndroidManifest.xml:112:13-42
192            android:windowSoftInputMode="adjustPan" />
192-->src\main\AndroidManifest.xml:113:13-52
193        <activity
193-->src\main\AndroidManifest.xml:114:9-118:55
194            android:name="com.solution.safalrecharges.Authentication.PrivacyPolicy"
194-->src\main\AndroidManifest.xml:115:13-84
195            android:screenOrientation="portrait"
195-->src\main\AndroidManifest.xml:116:13-49
196            android:theme="@style/Appnew"
196-->src\main\AndroidManifest.xml:117:13-42
197            android:windowSoftInputMode="adjustPan" />
197-->src\main\AndroidManifest.xml:118:13-52
198        <activity
198-->src\main\AndroidManifest.xml:119:9-123:55
199            android:name="com.solution.safalrecharges.NSDL.NSDLActivity"
199-->src\main\AndroidManifest.xml:120:13-73
200            android:screenOrientation="portrait"
200-->src\main\AndroidManifest.xml:121:13-49
201            android:theme="@style/Appnew"
201-->src\main\AndroidManifest.xml:122:13-42
202            android:windowSoftInputMode="adjustPan" />
202-->src\main\AndroidManifest.xml:123:13-52
203        <activity
203-->src\main\AndroidManifest.xml:124:9-128:55
204            android:name="com.solution.safalrecharges.CMS.Activity.CmsReceiptActivity"
204-->src\main\AndroidManifest.xml:125:13-87
205            android:screenOrientation="portrait"
205-->src\main\AndroidManifest.xml:126:13-49
206            android:theme="@style/Appnew"
206-->src\main\AndroidManifest.xml:127:13-42
207            android:windowSoftInputMode="adjustPan" />
207-->src\main\AndroidManifest.xml:128:13-52
208        <activity
208-->src\main\AndroidManifest.xml:129:9-133:55
209            android:name="com.solution.safalrecharges.UpgradePacakge.ui.UpgradePackage"
209-->src\main\AndroidManifest.xml:130:13-88
210            android:screenOrientation="portrait"
210-->src\main\AndroidManifest.xml:131:13-49
211            android:theme="@style/Appnew"
211-->src\main\AndroidManifest.xml:132:13-42
212            android:windowSoftInputMode="adjustPan" />
212-->src\main\AndroidManifest.xml:133:13-52
213        <activity
213-->src\main\AndroidManifest.xml:134:9-138:45
214            android:name="com.solution.safalrecharges.MoveToWallet.ui.MoveToWalletNew"
214-->src\main\AndroidManifest.xml:135:13-87
215            android:configChanges="orientation|keyboardHidden|screenSize"
215-->src\main\AndroidManifest.xml:136:13-74
216            android:screenOrientation="portrait"
216-->src\main\AndroidManifest.xml:137:13-49
217            android:theme="@style/Appnew" />
217-->src\main\AndroidManifest.xml:138:13-42
218        <activity
218-->src\main\AndroidManifest.xml:139:9-143:45
219            android:name="com.solution.safalrecharges.Util.RechargeStatusActivity"
219-->src\main\AndroidManifest.xml:140:13-83
220            android:configChanges="orientation|keyboardHidden|screenSize"
220-->src\main\AndroidManifest.xml:141:13-74
221            android:screenOrientation="portrait"
221-->src\main\AndroidManifest.xml:142:13-49
222            android:theme="@style/Appnew" />
222-->src\main\AndroidManifest.xml:143:13-42
223        <activity
223-->src\main\AndroidManifest.xml:145:9-149:45
224            android:name="com.solution.safalrecharges.Activities.MoveToBankReportActivity"
224-->src\main\AndroidManifest.xml:146:13-91
225            android:configChanges="orientation|keyboardHidden|screenSize"
225-->src\main\AndroidManifest.xml:147:13-74
226            android:screenOrientation="portrait"
226-->src\main\AndroidManifest.xml:148:13-49
227            android:theme="@style/Appnew" />
227-->src\main\AndroidManifest.xml:149:13-42
228        <activity
228-->src\main\AndroidManifest.xml:151:9-155:45
229            android:name="com.solution.safalrecharges.Activities.SettlementBankListActivity"
229-->src\main\AndroidManifest.xml:152:13-93
230            android:configChanges="orientation|keyboardHidden|screenSize"
230-->src\main\AndroidManifest.xml:153:13-74
231            android:screenOrientation="portrait"
231-->src\main\AndroidManifest.xml:154:13-49
232            android:theme="@style/Appnew" />
232-->src\main\AndroidManifest.xml:155:13-42
233        <activity
233-->src\main\AndroidManifest.xml:157:9-161:45
234            android:name="com.solution.safalrecharges.Activities.UpdateAddSettlementBankActivity"
234-->src\main\AndroidManifest.xml:158:13-98
235            android:configChanges="orientation|keyboardHidden|screenSize"
235-->src\main\AndroidManifest.xml:159:13-74
236            android:screenOrientation="portrait"
236-->src\main\AndroidManifest.xml:160:13-49
237            android:theme="@style/Appnew" />
237-->src\main\AndroidManifest.xml:161:13-42
238        <activity
238-->src\main\AndroidManifest.xml:162:9-166:55
239            android:name="com.solution.safalrecharges.AddMoney.AddMoneyActivity"
239-->src\main\AndroidManifest.xml:163:13-81
240            android:screenOrientation="portrait"
240-->src\main\AndroidManifest.xml:164:13-49
241            android:theme="@style/Appnew"
241-->src\main\AndroidManifest.xml:165:13-42
242            android:windowSoftInputMode="adjustPan" />
242-->src\main\AndroidManifest.xml:166:13-52
243        <activity
243-->src\main\AndroidManifest.xml:167:9-171:55
244            android:name="com.solution.safalrecharges.Activities.AccountOpenActivity"
244-->src\main\AndroidManifest.xml:168:13-86
245            android:screenOrientation="portrait"
245-->src\main\AndroidManifest.xml:169:13-49
246            android:theme="@style/Appnew"
246-->src\main\AndroidManifest.xml:170:13-42
247            android:windowSoftInputMode="adjustPan" />
247-->src\main\AndroidManifest.xml:171:13-52
248        <activity
248-->src\main\AndroidManifest.xml:173:9-177:55
249            android:name="com.solution.safalrecharges.QRScan.Activity.QRScanActivity"
249-->src\main\AndroidManifest.xml:174:13-86
250            android:screenOrientation="portrait"
250-->src\main\AndroidManifest.xml:175:13-49
251            android:theme="@style/Appnew"
251-->src\main\AndroidManifest.xml:176:13-42
252            android:windowSoftInputMode="adjustPan" />
252-->src\main\AndroidManifest.xml:177:13-52
253        <activity
253-->src\main\AndroidManifest.xml:178:9-182:55
254            android:name="com.solution.safalrecharges.QRScan.Activity.QRPayActivity"
254-->src\main\AndroidManifest.xml:179:13-85
255            android:screenOrientation="portrait"
255-->src\main\AndroidManifest.xml:180:13-49
256            android:theme="@style/Appnew"
256-->src\main\AndroidManifest.xml:181:13-42
257            android:windowSoftInputMode="adjustPan" />
257-->src\main\AndroidManifest.xml:182:13-52
258        <activity
258-->src\main\AndroidManifest.xml:183:9-187:58
259            android:name="com.solution.safalrecharges.QRScan.Activity.UPIPayActivity"
259-->src\main\AndroidManifest.xml:184:13-86
260            android:screenOrientation="portrait"
260-->src\main\AndroidManifest.xml:185:13-49